<?xml version="1.0" encoding="UTF-8"?>

<mule xmlns:http="http://www.mulesoft.org/schema/mule/http"
	xmlns:salesforce="http://www.mulesoft.org/schema/mule/salesforce"
	xmlns:xsi="http://www.w3.org/2001/XMLSchema-instance"
	xmlns:munit="http://www.mulesoft.org/schema/mule/munit" 
	xmlns:munit-tools="http://www.mulesoft.org/schema/mule/munit-tools"
	xmlns="http://www.mulesoft.org/schema/mule/core" 
	xmlns:doc="http://www.mulesoft.org/schema/mule/documentation" 
	xsi:schemaLocation="
		http://www.mulesoft.org/schema/mule/core 
		http://www.mulesoft.org/schema/mule/core/current/mule.xsd
		http://www.mulesoft.org/schema/mule/munit 
		http://www.mulesoft.org/schema/mule/munit/current/mule-munit.xsd
		http://www.mulesoft.org/schema/mule/munit-tools  
		http://www.mulesoft.org/schema/mule/munit-tools/current/mule-munit-tools.xsd
		http://www.mulesoft.org/schema/mule/salesforce 
		http://www.mulesoft.org/schema/mule/salesforce/current/mule-salesforce.xsd
		http://www.mulesoft.org/schema/mule/http 
		http://www.mulesoft.org/schema/mule/http/current/mule-http.xsd">

	<munit:config name="test-salesforce-connector.xml" />
	<http:request-config 
		name="HTTP_Request_configuration" 
		doc:name="HTTP Request configuration">
	
		<http:request-connection 
			host="localhost" 
			port="8081" />
	</http:request-config>
	
	<munit:test 
		name="test-salesforce-connectorTest">

		<munit:enable-flow-sources >
			<munit:enable-flow-source value="test-configurationFlow" />
		</munit:enable-flow-sources>
		
		<munit:execution >
			<logger 
				level="INFO" 
				doc:name="start"
				message="Test Salesforce Connector"/>
				
			<http:request 
				method="GET" 
				doc:name="Request" 
				path="/testconfiguration" 
				config-ref="HTTP_Request_configuration" 
				outputMimeType="application/json"/>
				
			<logger 
				level="INFO" 
				doc:name="result" 
				message="#[payload]"/>
		</munit:execution>

		<munit:validation >
			<munit-tools:assert-that 
				doc:name="Assert that" 
				expression="#[payload != null]" is="#[MunitTools::notNullValue()]"/>
		</munit:validation>
		
	</munit:test>

</mule>
